<?xml version="1.0" encoding="utf-8"?><testsuites><testsuite name="pytest" errors="0" failures="0" skipped="0" tests="191" time="75.583" timestamp="2026-08-06T01:26:07.763043+05:30" hostname="VIPERe"><testcase classname="tests.test_adapter_registry" name="test_builtin_architectures_are_registered" time="0.006" /><testcase classname="tests.test_adapter_registry" name="test_get_adapter_returns_the_correct_class" time="0.002" /><testcase classname="tests.test_adapter_registry" name="test_get_adapter_raises_for_unknown_architecture" time="0.002" /><testcase classname="tests.test_adapter_registry" name="test_get_adapter_is_idempotent_same_instance" time="0.002" /><testcase classname="tests.test_adapter_registry" name="test_lcnn_adapter_metadata_matches_registered_defaults" time="0.001" /><testcase classname="tests.test_adapter_registry" name="test_audio_cnn_adapter_metadata_matches_source_repo_config" time="0.001" /><testcase classname="tests.test_adapter_registry" name="test_lcnn_adapter_feature_extractor_key" time="0.001" /><testcase classname="tests.test_adapter_registry" name="test_audio_cnn_adapter_feature_extractor_key" time="0.001" /><testcase classname="tests.test_adapter_registry" name="test_audio_cnn_adapter_does_not_support_explainability" time="0.001" /><testcase classname="tests.test_adapter_registry" name="test_lcnn_adapter_supports_explainability" time="0.001" /><testcase classname="tests.test_adapter_registry" name="test_default_generate_explanation_is_gracefully_unavailable" time="0.001" /><testcase classname="tests.test_adapter_registry" name="test_registering_a_new_adapter_requires_no_orchestration_changes" time="0.001" /><testcase classname="tests.test_ai_confidence" name="test_calibrate_is_currently_an_identity_passthrough" time="0.001" /><testcase classname="tests.test_ai_confidence" name="test_decide_returns_human_for_confident_bonafide" time="0.001" /><testcase classname="tests.test_ai_confidence" name="test_decide_returns_ai_generated_for_confident_spoof" time="0.002" /><testcase classname="tests.test_ai_confidence" name="test_decide_returns_uncertain_below_threshold" time="0.001" /><testcase classname="tests.test_ai_confidence" name="test_decide_at_exact_threshold_is_not_below" time="0.001" /><testcase classname="tests.test_ai_confidence" name="test_validate_result_rejects_scores_not_summing_to_one" time="0.001" /><testcase classname="tests.test_ai_confidence" name="test_validate_result_accepts_well_formed_result" time="0.002" /><testcase classname="tests.test_ai_confidence" name="test_calibrate_and_decide_end_to_end" time="0.002" /><testcase classname="tests.test_ai_explainability" name="test_generate_explanation_returns_salient_regions_and_notes" time="8.470" /><testcase classname="tests.test_ai_explainability" name="test_generate_explanation_notes_mention_uncertain_verdict_when_below_threshold" time="0.043" /><testcase classname="tests.test_ai_explainability" name="test_repeated_explanations_do_not_leak_gradcam_hooks_on_the_shared_model" time="0.183" /><testcase classname="tests.test_ai_explainability" name="test_generate_explanation_degrades_gracefully_on_gradcam_failure" time="0.013" /><testcase classname="tests.test_ai_feature_extraction" name="test_logmel_v1_is_registered_by_default" time="0.003" /><testcase classname="tests.test_ai_feature_extraction" name="test_extract_features_produces_expected_shape" time="0.006" /><testcase classname="tests.test_ai_feature_extraction" name="test_extract_features_raises_for_unknown_extractor" time="0.005" /><testcase classname="tests.test_ai_feature_extraction" name="test_validate_feature_rejects_nan_tensor" time="0.004" /><testcase classname="tests.test_ai_feature_extraction" name="test_validate_feature_rejects_empty_tensor" time="0.002" /><testcase classname="tests.test_ai_feature_extraction" name="test_validate_feature_accepts_finite_tensor" time="0.002" /><testcase classname="tests.test_ai_feature_extraction" name="test_summarize_returns_finite_aggregate_stats" time="0.006" /><testcase classname="tests.test_ai_feature_extraction" name="test_register_extractor_adds_a_new_pluggable_extractor_without_touching_existing_code" time="0.003" /><testcase classname="tests.test_ai_inference" name="test_run_inference_returns_a_valid_probability_distribution" time="0.019" /><testcase classname="tests.test_ai_inference" name="test_run_inference_label_matches_the_higher_score" time="0.019" /><testcase classname="tests.test_ai_inference" name="test_run_inference_raises_inference_error_on_shape_mismatch" time="0.014" /><testcase classname="tests.test_ai_model_loader" name="test_load_model_raises_when_checkpoint_missing" time="0.025" /><testcase classname="tests.test_ai_model_loader" name="test_load_model_raises_on_checksum_mismatch" time="0.048" /><testcase classname="tests.test_ai_model_loader" name="test_load_model_succeeds_and_caches" time="0.055" /><testcase classname="tests.test_ai_model_loader" name="test_reset_model_cache_clears_state" time="0.042" /><testcase classname="tests.test_ai_model_loader" name="test_load_model_raises_model_not_available_when_ml_runtime_missing" time="0.027" /><testcase classname="tests.test_ai_model_loader" name="test_load_model_rejects_forced_cuda_when_unavailable" time="0.034" /><testcase classname="tests.test_ai_model_registry" name="test_ensure_default_model_registered_returns_none_without_a_checkpoint" time="0.168" /><testcase classname="tests.test_ai_model_registry" name="test_get_active_model_version_raises_when_none_registered" time="0.053" /><testcase classname="tests.test_ai_model_registry" name="test_ensure_default_model_registered_creates_active_row" time="0.061" /><testcase classname="tests.test_ai_model_registry" name="test_ensure_default_model_registered_is_idempotent" time="0.072" /><testcase classname="tests.test_ai_model_registry" name="test_get_active_model_version_bootstraps_and_returns_it" time="0.061" /><testcase classname="tests.test_ai_model_registry" name="test_checksum_drift_raises_integrity_error" time="0.088" /><testcase classname="tests.test_ai_model_registry" name="test_health_check_reports_unavailable_without_checkpoint" time="0.041" /><testcase classname="tests.test_ai_model_registry" name="test_health_check_reports_available_with_checkpoint" time="0.063" /><testcase classname="tests.test_ai_pipeline_jobs" name="test_full_pipeline_reaches_completed_and_persists_result" time="0.725" /><testcase classname="tests.test_ai_pipeline_jobs" name="test_result_response_matches_persisted_result" time="0.738" /><testcase classname="tests.test_ai_pipeline_jobs" name="test_pipeline_fails_with_model_load_failed_when_no_checkpoint" time="0.575" /><testcase classname="tests.test_ai_pipeline_jobs" name="test_pipeline_retries_a_transient_failure_then_succeeds" time="0.752" /><testcase classname="tests.test_ai_pipeline_jobs" name="test_pipeline_exhausts_retries_and_lands_in_correct_failed_state" time="0.660" /><testcase classname="tests.test_ai_pipeline_jobs" name="test_pipeline_stage_timeout_is_recorded_and_retried" time="0.715" /><testcase classname="tests.test_ai_pipeline_jobs" name="test_unexpected_exception_in_a_stage_still_reaches_a_terminal_state" time="0.604" /><testcase classname="tests.test_ai_pipeline_jobs" name="test_run_stage_aborts_when_scan_is_cancelled_concurrently" time="0.573" /><testcase classname="tests.test_ai_pipeline_jobs_audio_cnn" name="test_audio_cnn_pipeline_reaches_completed_with_canonical_labels" time="12.969" /><testcase classname="tests.test_ai_pipeline_jobs_audio_cnn" name="test_audio_cnn_pipeline_explanation_is_gracefully_unavailable" time="0.663" /><testcase classname="tests.test_ai_pipeline_jobs_audio_cnn" name="test_audio_cnn_result_response_reports_its_own_architecture" time="0.725" /><testcase classname="tests.test_ai_pipeline_jobs_audio_cnn" name="test_lcnn_and_audio_cnn_pipelines_coexist_without_cross_contamination" time="0.945" /><testcase classname="tests.test_ai_preprocessing" name="test_retrieve_audio_tempfile_round_trips_bytes" time="0.021" /><testcase classname="tests.test_ai_preprocessing" name="test_verify_integrity_passes_on_matching_checksum" time="0.015" /><testcase classname="tests.test_ai_preprocessing" name="test_verify_integrity_rejects_mismatched_checksum" time="0.014" /><testcase classname="tests.test_ai_preprocessing" name="test_normalize_amplitude_scales_to_unit_peak" time="0.004" /><testcase classname="tests.test_ai_preprocessing" name="test_normalize_amplitude_leaves_silent_waveform_untouched" time="0.003" /><testcase classname="tests.test_ai_preprocessing" name="test_detect_and_trim_silence_trims_leading_and_trailing_silence" time="0.014" /><testcase classname="tests.test_ai_preprocessing" name="test_detect_and_trim_silence_collapses_pure_silence_to_empty" time="0.014" /><testcase classname="tests.test_ai_preprocessing" name="test_validate_duration_rejects_too_short_audio" time="0.013" /><testcase classname="tests.test_ai_preprocessing" name="test_validate_duration_accepts_sufficient_audio" time="0.013" /><testcase classname="tests.test_ai_preprocessing" name="test_decode_and_normalize_rate_raises_on_garbage_bytes" time="0.043" /><testcase classname="tests.test_ai_preprocessing" name="test_run_preprocessing_end_to_end_returns_fixed_length_waveform" time="0.035" /><testcase classname="tests.test_ai_preprocessing" name="test_run_preprocessing_rejects_entirely_silent_clip" time="0.034" /><testcase classname="tests.test_audio_cnn_feature_extraction" name="test_logmel64db_is_registered" time="0.002" /><testcase classname="tests.test_audio_cnn_feature_extraction" name="test_logmel64db_produces_expected_shape" time="0.025" /><testcase classname="tests.test_audio_cnn_feature_extraction" name="test_logmel64db_is_per_clip_z_score_normalized" time="0.019" /><testcase classname="tests.test_audio_cnn_feature_extraction" name="test_logmel64db_passes_validation" time="0.021" /><testcase classname="tests.test_audio_cnn_feature_extraction" name="test_logmel_v1_output_is_unaffected_by_the_new_extractor" time="0.009" /><testcase classname="tests.test_audio_cnn_feature_extraction" name="test_unknown_extractor_still_raises" time="0.004" /><testcase classname="tests.test_auth" name="test_register_success" time="0.296" /><testcase classname="tests.test_auth" name="test_register_duplicate_email_conflicts" time="0.251" /><testcase classname="tests.test_auth" name="test_register_weak_password_rejected" time="0.058" /><testcase classname="tests.test_auth" name="test_login_before_verification_returns_403" time="0.469" /><testcase classname="tests.test_auth" name="test_login_wrong_password_returns_401" time="0.502" /><testcase classname="tests.test_auth" name="test_login_unknown_email_returns_401_not_404" time="0.288" /><testcase classname="tests.test_auth" name="test_login_failure_audit_log_survives_session_rollback" time="0.482" /><testcase classname="tests.test_auth" name="test_full_register_verify_login_me_refresh_logout_flow" time="0.569" /><testcase classname="tests.test_auth" name="test_logout_revokes_refresh_token_server_side" time="0.579" /><testcase classname="tests.test_auth" name="test_refresh_token_reuse_revokes_all_sessions" time="0.523" /><testcase classname="tests.test_auth" name="test_forgot_password_always_returns_success" time="0.305" /><testcase classname="tests.test_auth" name="test_reset_password_and_relogin" time="0.942" /><testcase classname="tests.test_auth" name="test_register_rate_limit_enforced" time="1.165" /><testcase classname="tests.test_dashboard" name="test_dashboard_requires_authentication" time="0.043" /><testcase classname="tests.test_dashboard" name="test_dashboard_empty_state" time="0.509" /><testcase classname="tests.test_dashboard" name="test_dashboard_reflects_completed_scan" time="0.728" /><testcase classname="tests.test_dashboard" name="test_recent_scans_endpoint" time="0.874" /><testcase classname="tests.test_feedback" name="test_submit_feedback_anonymous" time="0.072" /><testcase classname="tests.test_feedback" name="test_submit_feedback_authenticated_defaults_email_and_priority" time="0.532" /><testcase classname="tests.test_feedback" name="test_submit_feedback_rejects_invalid_category" time="0.038" /><testcase classname="tests.test_feedback" name="test_submit_feedback_rejects_short_message" time="0.038" /><testcase classname="tests.test_feedback" name="test_list_feedback_requires_admin" time="0.505" /><testcase classname="tests.test_feedback" name="test_list_feedback_unauthenticated" time="0.048" /><testcase classname="tests.test_inference_api" name="test_process_requires_authentication" time="0.050" /><testcase classname="tests.test_inference_api" name="test_process_returns_404_for_nonexistent_scan" time="0.505" /><testcase classname="tests.test_inference_api" name="test_process_returns_404_for_another_users_scan" time="0.994" /><testcase classname="tests.test_inference_api" name="test_process_rejects_scan_not_ready_for_ai" time="0.515" /><testcase classname="tests.test_inference_api" name="test_process_accepted_transitions_scan_to_preparing_model" time="0.681" /><testcase classname="tests.test_inference_api" name="test_process_twice_rejects_the_second_call" time="0.715" /><testcase classname="tests.test_inference_api" name="test_result_returns_404_before_processing_completes" time="0.550" /><testcase classname="tests.test_inference_api" name="test_result_available_after_completion" time="0.670" /><testcase classname="tests.test_inference_api" name="test_result_not_visible_to_another_user" time="1.140" /><testcase classname="tests.test_inference_api" name="test_technical_includes_raw_scores_and_stage_timings" time="0.654" /><testcase classname="tests.test_inference_api" name="test_explanation_includes_notes_and_regions" time="0.713" /><testcase classname="tests.test_inference_api" name="test_list_models_requires_authentication" time="0.054" /><testcase classname="tests.test_inference_api" name="test_list_models_empty_without_a_checkpoint" time="0.507" /><testcase classname="tests.test_inference_api" name="test_current_model_reports_unavailable_without_a_checkpoint" time="0.490" /><testcase classname="tests.test_inference_api" name="test_current_model_reports_available_after_a_scan_is_processed" time="0.692" /><testcase classname="tests.test_inference_api" name="test_result_available_after_completion_with_audio_cnn_active" time="0.693" /><testcase classname="tests.test_inference_api" name="test_technical_reports_audio_cnn_provenance" time="0.672" /><testcase classname="tests.test_inference_api" name="test_explanation_reports_unavailable_for_audio_cnn" time="0.675" /><testcase classname="tests.test_inference_api" name="test_list_models_reports_both_architectures" time="0.547" /><testcase classname="tests.test_model_registry_multi_model" name="test_register_model_version_creates_inactive_row_using_adapter_metadata" time="0.047" /><testcase classname="tests.test_model_registry_multi_model" name="test_register_model_version_is_idempotent" time="0.047" /><testcase classname="tests.test_model_registry_multi_model" name="test_register_model_version_rejects_checksum_drift" time="0.058" /><testcase classname="tests.test_model_registry_multi_model" name="test_register_model_version_raises_for_missing_checkpoint" time="0.051" /><testcase classname="tests.test_model_registry_multi_model" name="test_register_model_version_raises_for_unknown_architecture" time="0.037" /><testcase classname="tests.test_model_registry_multi_model" name="test_both_models_coexist_after_registration" time="0.075" /><testcase classname="tests.test_model_registry_multi_model" name="test_switch_active_model_deactivates_the_previous_one" time="0.077" /><testcase classname="tests.test_model_registry_multi_model" name="test_get_active_model_version_honors_a_switch_no_code_changes_needed" time="0.078" /><testcase classname="tests.test_model_registry_multi_model" name="test_switch_active_model_back_to_lcnn" time="0.104" /><testcase classname="tests.test_model_registry_multi_model" name="test_switch_active_model_raises_for_unregistered_target" time="0.042" /><testcase classname="tests.test_notifications" name="test_list_notifications_requires_authentication" time="0.033" /><testcase classname="tests.test_notifications" name="test_list_notifications_empty" time="0.476" /><testcase classname="tests.test_notifications" name="test_mark_read_and_unread_count" time="0.496" /><testcase classname="tests.test_notifications" name="test_cannot_mark_read_someone_elses_notification" time="0.929" /><testcase classname="tests.test_notifications" name="test_delete_notification" time="0.495" /><testcase classname="tests.test_scan_state_machine" name="test_every_status_has_an_explicit_entry" time="0.003" /><testcase classname="tests.test_scan_state_machine" name="test_exhaustive_transition_matrix" time="0.003" /><testcase classname="tests.test_scan_state_machine" name="test_terminal_statuses_have_no_outgoing_transitions" time="0.003" /><testcase classname="tests.test_scan_state_machine" name="test_no_self_transitions" time="0.002" /><testcase classname="tests.test_scan_state_machine" name="test_is_terminal_matches_expected_set" time="0.003" /><testcase classname="tests.test_scan_state_machine" name="test_validate_transition_raises_on_invalid_edge" time="0.002" /><testcase classname="tests.test_scan_state_machine" name="test_validate_transition_silent_on_valid_edge" time="0.002" /><testcase classname="tests.test_scan_state_machine" name="test_completed_is_reachable_only_from_saving_results" time="0.002" /><testcase classname="tests.test_scan_state_machine" name="test_ready_for_ai_enters_ai_pipeline_via_preparing_model" time="0.003" /><testcase classname="tests.test_scan_state_machine" name="test_ai_stage_failure_target_covers_every_pipeline_stage" time="0.002" /><testcase classname="tests.test_scans" name="test_upload_reaches_ready_for_ai_with_extracted_metadata" time="0.510" /><testcase classname="tests.test_scans" name="test_get_scan_and_status_endpoint" time="0.504" /><testcase classname="tests.test_scans" name="test_scan_events_record_full_transition_history" time="0.544" /><testcase classname="tests.test_scans" name="test_processing_job_row_recorded_as_succeeded" time="0.505" /><testcase classname="tests.test_scans" name="test_scan_submitted_audit_log_written" time="0.527" /><testcase classname="tests.test_scans" name="test_unsupported_extension_rejected" time="0.498" /><testcase classname="tests.test_scans" name="test_empty_file_rejected" time="0.494" /><testcase classname="tests.test_scans" name="test_too_small_file_rejected" time="0.506" /><testcase classname="tests.test_scans" name="test_too_large_file_rejected" time="0.485" /><testcase classname="tests.test_scans" name="test_extension_mime_mismatch_rejected" time="0.483" /><testcase classname="tests.test_scans" name="test_ambiguous_content_type_is_not_treated_as_mismatch" time="0.504" /><testcase classname="tests.test_scans" name="test_duplicate_upload_rejected_and_references_original" time="0.521" /><testcase classname="tests.test_scans" name="test_failed_upload_still_visible_in_history" time="0.498" /><testcase classname="tests.test_scans" name="test_malicious_filename_is_sanitized" time="0.503" /><testcase classname="tests.test_scans" name="test_create_scan_requires_authentication" time="0.037" /><testcase classname="tests.test_scans" name="test_list_scans_requires_authentication" time="0.034" /><testcase classname="tests.test_scans" name="test_cannot_access_another_users_scan" time="0.947" /><testcase classname="tests.test_scans" name="test_cannot_cancel_another_users_scan" time="0.936" /><testcase classname="tests.test_scans" name="test_get_nonexistent_scan_returns_404" time="0.667" /><testcase classname="tests.test_scans" name="test_cancel_scan_succeeds_then_rejects_second_cancel" time="0.516" /><testcase classname="tests.test_scans" name="test_delete_scan_soft_deletes_and_404s_afterward" time="0.523" /><testcase classname="tests.test_scans" name="test_delete_nonterminal_scan_cancels_it_first" time="0.526" /><testcase classname="tests.test_scans" name="test_list_pagination_filtering_and_sorting" time="0.587" /><testcase classname="tests.test_scans" name="test_scan_create_rate_limit_enforced" time="0.542" /><testcase classname="tests.test_scans" name="test_preprocessing_failure_exhausts_retries_and_marks_scan_failed" time="0.522" /><testcase classname="tests.test_scans" name="test_preprocessing_succeeds_on_second_attempt" time="0.524" /><testcase classname="tests.test_sharing" name="test_share_requires_authentication" time="0.038" /><testcase classname="tests.test_sharing" name="test_share_rejects_scan_without_result" time="0.506" /><testcase classname="tests.test_sharing" name="test_create_and_fetch_shared_result" time="0.674" /><testcase classname="tests.test_sharing" name="test_shared_result_unknown_token_is_404" time="0.059" /><testcase classname="tests.test_sharing" name="test_revoke_share_makes_token_inactive" time="0.716" /><testcase classname="tests.test_sharing" name="test_share_owner_only" time="1.163" /><testcase classname="tests.test_storage" name="test_save_and_read_round_trip" time="0.032" /><testcase classname="tests.test_storage" name="test_exists_and_delete" time="0.023" /><testcase classname="tests.test_storage" name="test_delete_missing_key_does_not_raise" time="0.015" /><testcase classname="tests.test_storage" name="test_exists_false_for_missing_key" time="0.004" /><testcase classname="tests.test_storage" name="test_path_traversal_key_is_rejected" time="0.024" /><testcase classname="tests.test_storage" name="test_absolute_path_key_is_rejected" time="0.017" /><testcase classname="tests.test_storage" name="test_creates_root_directory_if_missing" time="0.004" /><testcase classname="tests.test_user" name="test_profile_requires_authentication" time="0.057" /><testcase classname="tests.test_user" name="test_get_and_update_profile" time="0.479" /><testcase classname="tests.test_user" name="test_change_password_wrong_current_password" time="0.705" /><testcase classname="tests.test_user" name="test_profile_reflects_real_scan_count_today" time="0.509" /><testcase classname="tests.test_user" name="test_update_profile_persists_onboarding_completed" time="0.512" /><testcase classname="tests.test_user" name="test_change_password_success_revokes_session" time="1.318" /></testsuite></testsuites>